#
# There is insufficient memory for the Java Runtime Environment to continue.
# Native memory allocation (malloc) failed to allocate 914576 bytes for Chunk::new
# Possible reasons:
#   The system is out of physical RAM or swap space
#   The process is running with CompressedOops enabled, and the Java Heap may be blocking the growth of the native heap
# Possible solutions:
#   Reduce memory load on the system
#   Increase physical memory or swap space
#   Check if swap backing store is full
#   Decrease Java heap size (-Xmx/-Xms)
#   Decrease number of Java threads
#   Decrease Java thread stack sizes (-Xss)
#   Set larger code cache with -XX:ReservedCodeCacheSize=
#   JVM is running with Unscaled Compressed Oops mode in which the Java heap is
#     placed in the first 4GB address space. The Java Heap base address is the
#     maximum limit for the native heap growth. Please use -XX:HeapBaseMinAddress
#     to set the Java Heap base and to place the Java Heap above 4GB virtual address.
# This output file may be truncated or incomplete.
#
#  Out of Memory Error (arena.cpp:191), pid=25800, tid=23448
#
# JRE version: OpenJDK Runtime Environment Temurin-17.0.9+9 (17.0.9+9) (build 17.0.9+9)
# Java VM: OpenJDK 64-Bit Server VM Temurin-17.0.9+9 (17.0.9+9, mixed mode, sharing, tiered, compressed oops, compressed class ptrs, g1 gc, windows-amd64)
# No core dump will be written. Minidumps are not enabled by default on client versions of Windows
#

---------------  S U M M A R Y ------------

Command Line: -javaagent:C:\Program Files\JetBrains\IntelliJ IDEA Community Edition 2023.2.5\lib\idea_rt.jar=59923:C:\Program Files\JetBrains\IntelliJ IDEA Community Edition 2023.2.5\bin -Dfile.encoding=UTF-8 main.Main

Host: AMD Ryzen 5 5600H with Radeon Graphics         , 12 cores, 5G,  Windows 10 , 64 bit Build 19041 (10.0.19041.3636)
Time: Tue Jun  4 12:56:14 2024 Eastern Daylight Time elapsed time: 493.004823 seconds (0d 0h 8m 13s)

---------------  T H R E A D  ---------------

Current thread (0x000002e2b69bf830):  JavaThread "C2 CompilerThread0" daemon [_thread_in_native, id=23448, stack(0x000000ff42600000,0x000000ff42700000)]


Current CompileTask:
C2: 493004 2583 % !   4       main.GamePanel::run @ 1426 (1581 bytes)

Stack: [0x000000ff42600000,0x000000ff42700000]
Native frames: (J=compiled Java code, j=interpreted, Vv=VM code, C=native code)
V  [jvm.dll+0x67cf49]
V  [jvm.dll+0x83478a]
V  [jvm.dll+0x83624e]
V  [jvm.dll+0x8368b3]
V  [jvm.dll+0x247f1f]
V  [jvm.dll+0xac43c]
V  [jvm.dll+0xaca8c]
V  [jvm.dll+0x367012]
V  [jvm.dll+0x3313ba]
V  [jvm.dll+0x33085a]
V  [jvm.dll+0x21a5b1]
V  [jvm.dll+0x2199d1]
V  [jvm.dll+0x1a57cd]
V  [jvm.dll+0x2297ae]
V  [jvm.dll+0x22797c]
V  [jvm.dll+0x7e9877]
V  [jvm.dll+0x7e3c3a]
V  [jvm.dll+0x67be35]
C  [ucrtbase.dll+0x21bb2]
C  [KERNEL32.DLL+0x17344]
C  [ntdll.dll+0x526b1]


---------------  P R O C E S S  ---------------

Threads class SMR info:
_java_thread_list=0x000002e2fd1134a0, length=25, elements={
0x000002e2b699dce0, 0x000002e2b699ea70, 0x000002e2b69b2160, 0x000002e2b69b2c30,
0x000002e2b69b5610, 0x000002e2b69b5ee0, 0x000002e2b69bf830, 0x000002e2b69c01f0,
0x000002e2b69c73e0, 0x000002e2b698a790, 0x000002e2b6cac850, 0x000002e2b6cad140,
0x000002e2b6e22ae0, 0x000002e2b6e29f20, 0x000002e2b6e2d340, 0x000002e2fd52dcd0,
0x000002e2fd530040, 0x000002e2fd52d7c0, 0x000002e2fd52e1e0, 0x000002e2fd52e6f0,
0x000002e2fd52ec00, 0x000002e2fd52fb30, 0x000002e2b6bef280, 0x000002e2b6bed930,
0x000002e2b6bee860
}

Java Threads: ( => current thread )
  0x000002e2b699dce0 JavaThread "Reference Handler" daemon [_thread_blocked, id=28520, stack(0x000000ff42000000,0x000000ff42100000)]
  0x000002e2b699ea70 JavaThread "Finalizer" daemon [_thread_blocked, id=16940, stack(0x000000ff42100000,0x000000ff42200000)]
  0x000002e2b69b2160 JavaThread "Signal Dispatcher" daemon [_thread_blocked, id=14648, stack(0x000000ff42200000,0x000000ff42300000)]
  0x000002e2b69b2c30 JavaThread "Attach Listener" daemon [_thread_blocked, id=26928, stack(0x000000ff42300000,0x000000ff42400000)]
  0x000002e2b69b5610 JavaThread "Service Thread" daemon [_thread_blocked, id=23568, stack(0x000000ff42400000,0x000000ff42500000)]
  0x000002e2b69b5ee0 JavaThread "Monitor Deflation Thread" daemon [_thread_blocked, id=20564, stack(0x000000ff42500000,0x000000ff42600000)]
=>0x000002e2b69bf830 JavaThread "C2 CompilerThread0" daemon [_thread_in_native, id=23448, stack(0x000000ff42600000,0x000000ff42700000)]
  0x000002e2b69c01f0 JavaThread "C1 CompilerThread0" daemon [_thread_blocked, id=8896, stack(0x000000ff42700000,0x000000ff42800000)]
  0x000002e2b69c73e0 JavaThread "Sweeper thread" daemon [_thread_blocked, id=27712, stack(0x000000ff42800000,0x000000ff42900000)]
  0x000002e2b698a790 JavaThread "Common-Cleaner" daemon [_thread_blocked, id=23984, stack(0x000000ff42900000,0x000000ff42a00000)]
  0x000002e2b6cac850 JavaThread "Monitor Ctrl-Break" daemon [_thread_in_native, id=29084, stack(0x000000ff42a00000,0x000000ff42b00000)]
  0x000002e2b6cad140 JavaThread "Notification Thread" daemon [_thread_blocked, id=2984, stack(0x000000ff42b00000,0x000000ff42c00000)]
  0x000002e2b6e22ae0 JavaThread "Java2D Disposer" daemon [_thread_blocked, id=25788, stack(0x000000ff42d00000,0x000000ff42e00000)]
  0x000002e2b6e29f20 JavaThread "AWT-Shutdown" [_thread_blocked, id=3596, stack(0x000000ff42e00000,0x000000ff42f00000)]
  0x000002e2b6e2d340 JavaThread "AWT-Windows" daemon [_thread_in_native, id=27036, stack(0x000000ff42f00000,0x000000ff43000000)]
  0x000002e2fd52dcd0 JavaThread "AWT-EventQueue-0" [_thread_blocked, id=28724, stack(0x000000ff43b10000,0x000000ff43c10000)]
  0x000002e2fd530040 JavaThread "D3D Screen Updater" daemon [_thread_blocked, id=25396, stack(0x000000ff43c10000,0x000000ff43d10000)]
  0x000002e2fd52d7c0 JavaThread "Java Sound Event Dispatcher" daemon [_thread_blocked, id=22636, stack(0x000000ff44920000,0x000000ff44a20000)]
  0x000002e2fd52e1e0 JavaThread "Direct Clip" daemon [_thread_blocked, id=20632, stack(0x000000ff44c20000,0x000000ff44d20000)]
  0x000002e2fd52e6f0 JavaThread "Thread-0" [_thread_in_native, id=18168, stack(0x000000ff44e20000,0x000000ff44f20000)]
  0x000002e2fd52ec00 JavaThread "DestroyJavaVM" [_thread_blocked, id=25136, stack(0x000000ff41900000,0x000000ff41a00000)]
  0x000002e2fd52fb30 JavaThread "Direct Clip" daemon [_thread_in_vm, id=29372, stack(0x000000ff44d20000,0x000000ff44e20000)]
  0x000002e2b6bef280 JavaThread "Direct Clip" daemon [_thread_blocked, id=24980, stack(0x000000ff44f20000,0x000000ff45020000)]
  0x000002e2b6bed930 JavaThread "Direct Clip" daemon [_thread_blocked, id=27020, stack(0x000000ff45420000,0x000000ff45520000)]
  0x000002e2b6bee860 JavaThread "Direct Clip" daemon [_thread_blocked, id=28300, stack(0x000000ff45520000,0x000000ff45620000)]

Other Threads:
  0x000002e2b699add0 VMThread "VM Thread" [stack: 0x000000ff41f00000,0x000000ff42000000] [id=15388]
  0x000002e2b6c65b50 WatcherThread [stack: 0x000000ff42c00000,0x000000ff42d00000] [id=11144]
  0x000002e2995cb020 GCTaskThread "GC Thread#0" [stack: 0x000000ff41a00000,0x000000ff41b00000] [id=13280]
  0x000002e2fd7d5810 GCTaskThread "GC Thread#1" [stack: 0x000000ff43f20000,0x000000ff44020000] [id=28576]
  0x000002e2fd7d5ad0 GCTaskThread "GC Thread#2" [stack: 0x000000ff44020000,0x000000ff44120000] [id=13500]
  0x000002e2fd7d61a0 GCTaskThread "GC Thread#3" [stack: 0x000000ff44120000,0x000000ff44220000] [id=27744]
  0x000002e2fd7d6870 GCTaskThread "GC Thread#4" [stack: 0x000000ff44220000,0x000000ff44320000] [id=19872]
  0x000002e2fd7d7350 GCTaskThread "GC Thread#5" [stack: 0x000000ff44320000,0x000000ff44420000] [id=26984]
  0x000002e28482f060 GCTaskThread "GC Thread#6" [stack: 0x000000ff44420000,0x000000ff44520000] [id=26512]
  0x000002e284830740 GCTaskThread "GC Thread#7" [stack: 0x000000ff44520000,0x000000ff44620000] [id=19364]
  0x000002e284830a00 GCTaskThread "GC Thread#8" [stack: 0x000000ff44620000,0x000000ff44720000] [id=18788]
  0x000002e2848314e0 GCTaskThread "GC Thread#9" [stack: 0x000000ff44720000,0x000000ff44820000] [id=4600]
  0x000002e2995d7a00 ConcurrentGCThread "G1 Main Marker" [stack: 0x000000ff41b00000,0x000000ff41c00000] [id=22368]
  0x000002e2995d8ad0 ConcurrentGCThread "G1 Conc#0" [stack: 0x000000ff41c00000,0x000000ff41d00000] [id=16716]
  0x000002e2fd17fb60 ConcurrentGCThread "G1 Conc#1" [stack: 0x000000ff45120000,0x000000ff45220000] [id=4452]
  0x000002e2fd491e50 ConcurrentGCThread "G1 Conc#2" [stack: 0x000000ff45220000,0x000000ff45320000] [id=28344]
  0x000002e2b68600a0 ConcurrentGCThread "G1 Refine#0" [stack: 0x000000ff41d00000,0x000000ff41e00000] [id=27612]
  0x000002e2b6d17ec0 ConcurrentGCThread "G1 Refine#1" [stack: 0x000000ff44820000,0x000000ff44920000] [id=23644]
  0x000002e2b68609e0 ConcurrentGCThread "G1 Service" [stack: 0x000000ff41e00000,0x000000ff41f00000] [id=29600]

Threads with active compile tasks:
C2 CompilerThread0   493079 2583 % !   4       main.GamePanel::run @ 1426 (1581 bytes)

VM state: not at safepoint (normal execution)

VM Mutex/Monitor currently owned by a thread: None

Heap address: 0x00000000a2400000, size: 1500 MB, Compressed Oops mode: 32-bit

CDS archive(s) mapped at: [0x000002e2b7000000-0x000002e2b7ba0000-0x000002e2b7ba0000), size 12189696, SharedBaseAddress: 0x000002e2b7000000, ArchiveRelocationMode: 1.
Compressed class space mapped at: 0x000002e2b8000000-0x000002e2f8000000, reserved size: 1073741824
Narrow klass base: 0x000002e2b7000000, Narrow klass shift: 0, Narrow klass range: 0x100000000

GC Precious Log:
 CPUs: 12 total, 12 available
 Memory: 5996M
 Large Page Support: Disabled
 NUMA Support: Disabled
 Compressed Oops: Enabled (32-bit)
 Heap Region Size: 1M
 Heap Min Capacity: 8M
 Heap Initial Capacity: 94M
 Heap Max Capacity: 1500M
 Pre-touch: Disabled
 Parallel Workers: 10
 Concurrent Workers: 3
 Concurrent Refinement Workers: 10
 Periodic GC: Disabled

Heap:
 garbage-first heap   total 196608K, used 106047K [0x00000000a2400000, 0x0000000100000000)
  region size 1024K, 8 young (8192K), 2 survivors (2048K)
 Metaspace       used 10743K, committed 10880K, reserved 1114112K
  class space    used 1082K, committed 1152K, reserved 1048576K

Heap Regions: E=young(eden), S=young(survivor), O=old, HS=humongous(starts), HC=humongous(continues), CS=collection set, F=free, OA=open archive, CA=closed archive, TAMS=top-at-mark-start (previous, next)
|   0|0x00000000a2400000, 0x00000000a2500000, 0x00000000a2500000|100%| O|  |TAMS 0x00000000a2500000, 0x00000000a2400000| Untracked 
|   1|0x00000000a2500000, 0x00000000a2600000, 0x00000000a2600000|100%| O|  |TAMS 0x00000000a2600000, 0x00000000a2500000| Untracked 
|   2|0x00000000a2600000, 0x00000000a2700000, 0x00000000a2700000|100%| O|  |TAMS 0x00000000a2700000, 0x00000000a2600000| Untracked 
|   3|0x00000000a2700000, 0x00000000a2800000, 0x00000000a2800000|100%|HS|  |TAMS 0x00000000a2800000, 0x00000000a2700000| Complete 
|   4|0x00000000a2800000, 0x00000000a2900000, 0x00000000a2900000|100%|HC|  |TAMS 0x00000000a2900000, 0x00000000a2800000| Complete 
|   5|0x00000000a2900000, 0x00000000a2a00000, 0x00000000a2a00000|100%|HC|  |TAMS 0x00000000a2a00000, 0x00000000a2900000| Complete 
|   6|0x00000000a2a00000, 0x00000000a2b00000, 0x00000000a2b00000|100%|HC|  |TAMS 0x00000000a2b00000, 0x00000000a2a00000| Complete 
|   7|0x00000000a2b00000, 0x00000000a2c00000, 0x00000000a2c00000|100%|HC|  |TAMS 0x00000000a2c00000, 0x00000000a2b00000| Complete 
|   8|0x00000000a2c00000, 0x00000000a2d00000, 0x00000000a2d00000|100%|HC|  |TAMS 0x00000000a2d00000, 0x00000000a2c00000| Complete 
|   9|0x00000000a2d00000, 0x00000000a2e00000, 0x00000000a2e00000|100%|HC|  |TAMS 0x00000000a2e00000, 0x00000000a2d00000| Complete 
|  10|0x00000000a2e00000, 0x00000000a2f00000, 0x00000000a2f00000|100%|HC|  |TAMS 0x00000000a2f00000, 0x00000000a2e00000| Complete 
|  11|0x00000000a2f00000, 0x00000000a3000000, 0x00000000a3000000|100%|HC|  |TAMS 0x00000000a3000000, 0x00000000a2f00000| Complete 
|  12|0x00000000a3000000, 0x00000000a3100000, 0x00000000a3100000|100%|HC|  |TAMS 0x00000000a3100000, 0x00000000a3000000| Complete 
|  13|0x00000000a3100000, 0x00000000a3200000, 0x00000000a3200000|100%|HC|  |TAMS 0x00000000a3200000, 0x00000000a3100000| Complete 
|  14|0x00000000a3200000, 0x00000000a3300000, 0x00000000a3300000|100%|HC|  |TAMS 0x00000000a3300000, 0x00000000a3200000| Complete 
|  15|0x00000000a3300000, 0x00000000a3400000, 0x00000000a3400000|100%|HC|  |TAMS 0x00000000a3400000, 0x00000000a3300000| Complete 
|  16|0x00000000a3400000, 0x00000000a3500000, 0x00000000a3500000|100%|HC|  |TAMS 0x00000000a3500000, 0x00000000a3400000| Complete 
|  17|0x00000000a3500000, 0x00000000a3600000, 0x00000000a3600000|100%|HC|  |TAMS 0x00000000a3600000, 0x00000000a3500000| Complete 
|  18|0x00000000a3600000, 0x00000000a3700000, 0x00000000a3700000|100%|HC|  |TAMS 0x00000000a3700000, 0x00000000a3600000| Complete 
|  19|0x00000000a3700000, 0x00000000a3800000, 0x00000000a3800000|100%|HC|  |TAMS 0x00000000a3800000, 0x00000000a3700000| Complete 
|  20|0x00000000a3800000, 0x00000000a3900000, 0x00000000a3900000|100%|HC|  |TAMS 0x00000000a3900000, 0x00000000a3800000| Complete 
|  21|0x00000000a3900000, 0x00000000a3a00000, 0x00000000a3a00000|100%|HC|  |TAMS 0x00000000a3a00000, 0x00000000a3900000| Complete 
|  22|0x00000000a3a00000, 0x00000000a3b00000, 0x00000000a3b00000|100%|HC|  |TAMS 0x00000000a3b00000, 0x00000000a3a00000| Complete 
|  23|0x00000000a3b00000, 0x00000000a3c00000, 0x00000000a3c00000|100%|HC|  |TAMS 0x00000000a3c00000, 0x00000000a3b00000| Complete 
|  24|0x00000000a3c00000, 0x00000000a3d00000, 0x00000000a3d00000|100%|HC|  |TAMS 0x00000000a3d00000, 0x00000000a3c00000| Complete 
|  25|0x00000000a3d00000, 0x00000000a3e00000, 0x00000000a3e00000|100%|HC|  |TAMS 0x00000000a3e00000, 0x00000000a3d00000| Complete 
|  26|0x00000000a3e00000, 0x00000000a3f00000, 0x00000000a3f00000|100%|HC|  |TAMS 0x00000000a3f00000, 0x00000000a3e00000| Complete 
|  27|0x00000000a3f00000, 0x00000000a4000000, 0x00000000a4000000|100%|HC|  |TAMS 0x00000000a4000000, 0x00000000a3f00000| Complete 
|  28|0x00000000a4000000, 0x00000000a4100000, 0x00000000a4100000|100%|HC|  |TAMS 0x00000000a4100000, 0x00000000a4000000| Complete 
|  29|0x00000000a4100000, 0x00000000a4200000, 0x00000000a4200000|100%|HC|  |TAMS 0x00000000a4200000, 0x00000000a4100000| Complete 
|  30|0x00000000a4200000, 0x00000000a4300000, 0x00000000a4300000|100%|HC|  |TAMS 0x00000000a4300000, 0x00000000a4200000| Complete 
|  31|0x00000000a4300000, 0x00000000a4400000, 0x00000000a4400000|100%|HC|  |TAMS 0x00000000a4400000, 0x00000000a4300000| Complete 
|  32|0x00000000a4400000, 0x00000000a4500000, 0x00000000a4500000|100%|HC|  |TAMS 0x00000000a4500000, 0x00000000a4400000| Complete 
|  33|0x00000000a4500000, 0x00000000a4600000, 0x00000000a4600000|100%|HC|  |TAMS 0x00000000a4600000, 0x00000000a4500000| Complete 
|  34|0x00000000a4600000, 0x00000000a4700000, 0x00000000a4700000|100%|HC|  |TAMS 0x00000000a4700000, 0x00000000a4600000| Complete 
|  35|0x00000000a4700000, 0x00000000a4800000, 0x00000000a4800000|100%|HC|  |TAMS 0x00000000a4800000, 0x00000000a4700000| Complete 
|  36|0x00000000a4800000, 0x00000000a4900000, 0x00000000a4900000|100%|HC|  |TAMS 0x00000000a4900000, 0x00000000a4800000| Complete 
|  37|0x00000000a4900000, 0x00000000a4a00000, 0x00000000a4a00000|100%|HS|  |TAMS 0x00000000a4a00000, 0x00000000a4900000| Complete 
|  38|0x00000000a4a00000, 0x00000000a4b00000, 0x00000000a4b00000|100%|HC|  |TAMS 0x00000000a4b00000, 0x00000000a4a00000| Complete 
|  39|0x00000000a4b00000, 0x00000000a4c00000, 0x00000000a4c00000|100%| O|  |TAMS 0x00000000a4c00000, 0x00000000a4b00000| Untracked 
|  40|0x00000000a4c00000, 0x00000000a4d00000, 0x00000000a4d00000|100%| O|  |TAMS 0x00000000a4d00000, 0x00000000a4c00000| Untracked 
|  41|0x00000000a4d00000, 0x00000000a4d25400, 0x00000000a4e00000| 14%| O|  |TAMS 0x00000000a4d25400, 0x00000000a4d00000| Untracked 
|  42|0x00000000a4e00000, 0x00000000a4f00000, 0x00000000a4f00000|100%|HS|  |TAMS 0x00000000a4f00000, 0x00000000a4e00000| Complete 
|  43|0x00000000a4f00000, 0x00000000a5000000, 0x00000000a5000000|100%|HS|  |TAMS 0x00000000a5000000, 0x00000000a4f00000| Complete 
|  44|0x00000000a5000000, 0x00000000a5100000, 0x00000000a5100000|100%|HS|  |TAMS 0x00000000a5000000, 0x00000000a5000000| Complete 
|  45|0x00000000a5100000, 0x00000000a5200000, 0x00000000a5200000|100%|HC|  |TAMS 0x00000000a5100000, 0x00000000a5100000| Complete 
|  46|0x00000000a5200000, 0x00000000a5200000, 0x00000000a5300000|  0%| F|  |TAMS 0x00000000a5200000, 0x00000000a5200000| Untracked 
|  47|0x00000000a5300000, 0x00000000a5300000, 0x00000000a5400000|  0%| F|  |TAMS 0x00000000a5300000, 0x00000000a5300000| Untracked 
|  48|0x00000000a5400000, 0x00000000a5400000, 0x00000000a5500000|  0%| F|  |TAMS 0x00000000a5400000, 0x00000000a5400000| Untracked 
|  49|0x00000000a5500000, 0x00000000a5500000, 0x00000000a5600000|  0%| F|  |TAMS 0x00000000a5500000, 0x00000000a5500000| Untracked 
|  50|0x00000000a5600000, 0x00000000a5700000, 0x00000000a5700000|100%|HS|  |TAMS 0x00000000a5700000, 0x00000000a5600000| Complete 
|  51|0x00000000a5700000, 0x00000000a5800000, 0x00000000a5800000|100%|HC|  |TAMS 0x00000000a5800000, 0x00000000a5700000| Complete 
|  52|0x00000000a5800000, 0x00000000a5900000, 0x00000000a5900000|100%|HC|  |TAMS 0x00000000a5900000, 0x00000000a5800000| Complete 
|  53|0x00000000a5900000, 0x00000000a5a00000, 0x00000000a5a00000|100%|HC|  |TAMS 0x00000000a5a00000, 0x00000000a5900000| Complete 
|  54|0x00000000a5a00000, 0x00000000a5b00000, 0x00000000a5b00000|100%|HC|  |TAMS 0x00000000a5b00000, 0x00000000a5a00000| Complete 
|  55|0x00000000a5b00000, 0x00000000a5c00000, 0x00000000a5c00000|100%|HC|  |TAMS 0x00000000a5c00000, 0x00000000a5b00000| Complete 
|  56|0x00000000a5c00000, 0x00000000a5d00000, 0x00000000a5d00000|100%|HC|  |TAMS 0x00000000a5d00000, 0x00000000a5c00000| Complete 
|  57|0x00000000a5d00000, 0x00000000a5e00000, 0x00000000a5e00000|100%|HC|  |TAMS 0x00000000a5e00000, 0x00000000a5d00000| Complete 
|  58|0x00000000a5e00000, 0x00000000a5e00000, 0x00000000a5f00000|  0%| F|  |TAMS 0x00000000a5e00000, 0x00000000a5e00000| Untracked 
|  59|0x00000000a5f00000, 0x00000000a5f00000, 0x00000000a6000000|  0%| F|  |TAMS 0x00000000a5f00000, 0x00000000a5f00000| Untracked 
|  60|0x00000000a6000000, 0x00000000a6000000, 0x00000000a6100000|  0%| F|  |TAMS 0x00000000a6000000, 0x00000000a6000000| Untracked 
|  61|0x00000000a6100000, 0x00000000a6100000, 0x00000000a6200000|  0%| F|  |TAMS 0x00000000a6100000, 0x00000000a6100000| Untracked 
|  62|0x00000000a6200000, 0x00000000a6200000, 0x00000000a6300000|  0%| F|  |TAMS 0x00000000a6200000, 0x00000000a6200000| Untracked 
|  63|0x00000000a6300000, 0x00000000a6300000, 0x00000000a6400000|  0%| F|  |TAMS 0x00000000a6300000, 0x00000000a6300000| Untracked 
|  64|0x00000000a6400000, 0x00000000a6500000, 0x00000000a6500000|100%|HS|  |TAMS 0x00000000a6500000, 0x00000000a6400000| Complete 
|  65|0x00000000a6500000, 0x00000000a6600000, 0x00000000a6600000|100%|HC|  |TAMS 0x00000000a6600000, 0x00000000a6500000| Complete 
|  66|0x00000000a6600000, 0x00000000a6700000, 0x00000000a6700000|100%|HC|  |TAMS 0x00000000a6700000, 0x00000000a6600000| Complete 
|  67|0x00000000a6700000, 0x00000000a6800000, 0x00000000a6800000|100%|HC|  |TAMS 0x00000000a6800000, 0x00000000a6700000| Complete 
|  68|0x00000000a6800000, 0x00000000a6900000, 0x00000000a6900000|100%|HC|  |TAMS 0x00000000a6900000, 0x00000000a6800000| Complete 
|  69|0x00000000a6900000, 0x00000000a6a00000, 0x00000000a6a00000|100%|HC|  |TAMS 0x00000000a6a00000, 0x00000000a6900000| Complete 
|  70|0x00000000a6a00000, 0x00000000a6b00000, 0x00000000a6b00000|100%|HC|  |TAMS 0x00000000a6b00000, 0x00000000a6a00000| Complete 
|  71|0x00000000a6b00000, 0x00000000a6c00000, 0x00000000a6c00000|100%|HC|  |TAMS 0x00000000a6c00000, 0x00000000a6b00000| Complete 
|  72|0x00000000a6c00000, 0x00000000a6d00000, 0x00000000a6d00000|100%|HC|  |TAMS 0x00000000a6d00000, 0x00000000a6c00000| Complete 
|  73|0x00000000a6d00000, 0x00000000a6e00000, 0x00000000a6e00000|100%|HC|  |TAMS 0x00000000a6e00000, 0x00000000a6d00000| Complete 
|  74|0x00000000a6e00000, 0x00000000a6f00000, 0x00000000a6f00000|100%|HC|  |TAMS 0x00000000a6f00000, 0x00000000a6e00000| Complete 
|  75|0x00000000a6f00000, 0x00000000a7000000, 0x00000000a7000000|100%|HC|  |TAMS 0x00000000a7000000, 0x00000000a6f00000| Complete 
|  76|0x00000000a7000000, 0x00000000a7100000, 0x00000000a7100000|100%|HC|  |TAMS 0x00000000a7100000, 0x00000000a7000000| Complete 
|  77|0x00000000a7100000, 0x00000000a7200000, 0x00000000a7200000|100%|HC|  |TAMS 0x00000000a7200000, 0x00000000a7100000| Complete 
|  78|0x00000000a7200000, 0x00000000a7300000, 0x00000000a7300000|100%|HC|  |TAMS 0x00000000a7300000, 0x00000000a7200000| Complete 
|  79|0x00000000a7300000, 0x00000000a7400000, 0x00000000a7400000|100%|HC|  |TAMS 0x00000000a7400000, 0x00000000a7300000| Complete 
|  80|0x00000000a7400000, 0x00000000a7500000, 0x00000000a7500000|100%|HC|  |TAMS 0x00000000a7500000, 0x00000000a7400000| Complete 
|  81|0x00000000a7500000, 0x00000000a7600000, 0x00000000a7600000|100%|HC|  |TAMS 0x00000000a7600000, 0x00000000a7500000| Complete 
|  82|0x00000000a7600000, 0x00000000a7700000, 0x00000000a7700000|100%|HC|  |TAMS 0x00000000a7700000, 0x00000000a7600000| Complete 
|  83|0x00000000a7700000, 0x00000000a7800000, 0x00000000a7800000|100%|HC|  |TAMS 0x00000000a7800000, 0x00000000a7700000| Complete 
|  84|0x00000000a7800000, 0x00000000a7900000, 0x00000000a7900000|100%|HC|  |TAMS 0x00000000a7900000, 0x00000000a7800000| Complete 
|  85|0x00000000a7900000, 0x00000000a7a00000, 0x00000000a7a00000|100%|HC|  |TAMS 0x00000000a7a00000, 0x00000000a7900000| Complete 
|  86|0x00000000a7a00000, 0x00000000a7b00000, 0x00000000a7b00000|100%|HC|  |TAMS 0x00000000a7b00000, 0x00000000a7a00000| Complete 
|  87|0x00000000a7b00000, 0x00000000a7c00000, 0x00000000a7c00000|100%|HC|  |TAMS 0x00000000a7c00000, 0x00000000a7b00000| Complete 
|  88|0x00000000a7c00000, 0x00000000a7d00000, 0x00000000a7d00000|100%|HC|  |TAMS 0x00000000a7d00000, 0x00000000a7c00000| Complete 
|  89|0x00000000a7d00000, 0x00000000a7e00000, 0x00000000a7e00000|100%|HC|  |TAMS 0x00000000a7e00000, 0x00000000a7d00000| Complete 
|  90|0x00000000a7e00000, 0x00000000a7f00000, 0x00000000a7f00000|100%|HC|  |TAMS 0x00000000a7f00000, 0x00000000a7e00000| Complete 
|  91|0x00000000a7f00000, 0x00000000a8000000, 0x00000000a8000000|100%|HC|  |TAMS 0x00000000a8000000, 0x00000000a7f00000| Complete 
|  92|0x00000000a8000000, 0x00000000a8100000, 0x00000000a8100000|100%|HC|  |TAMS 0x00000000a8100000, 0x00000000a8000000| Complete 
|  93|0x00000000a8100000, 0x00000000a8200000, 0x00000000a8200000|100%|HC|  |TAMS 0x00000000a8200000, 0x00000000a8100000| Complete 
|  94|0x00000000a8200000, 0x00000000a8300000, 0x00000000a8300000|100%|HC|  |TAMS 0x00000000a8300000, 0x00000000a8200000| Complete 
|  95|0x00000000a8300000, 0x00000000a8400000, 0x00000000a8400000|100%|HC|  |TAMS 0x00000000a8400000, 0x00000000a8300000| Complete 
|  96|0x00000000a8400000, 0x00000000a8500000, 0x00000000a8500000|100%|HC|  |TAMS 0x00000000a8500000, 0x00000000a8400000| Complete 
|  97|0x00000000a8500000, 0x00000000a8600000, 0x00000000a8600000|100%|HC|  |TAMS 0x00000000a8600000, 0x00000000a8500000| Complete 
|  98|0x00000000a8600000, 0x00000000a8700000, 0x00000000a8700000|100%|HC|  |TAMS 0x00000000a8700000, 0x00000000a8600000| Complete 
|  99|0x00000000a8700000, 0x00000000a8800000, 0x00000000a8800000|100%|HC|  |TAMS 0x00000000a8800000, 0x00000000a8700000| Complete 
| 100|0x00000000a8800000, 0x00000000a8900000, 0x00000000a8900000|100%|HC|  |TAMS 0x00000000a8900000, 0x00000000a8800000| Complete 
| 101|0x00000000a8900000, 0x00000000a8a00000, 0x00000000a8a00000|100%|HC|  |TAMS 0x00000000a8a00000, 0x00000000a8900000| Complete 
| 102|0x00000000a8a00000, 0x00000000a8b00000, 0x00000000a8b00000|100%|HC|  |TAMS 0x00000000a8b00000, 0x00000000a8a00000| Complete 
| 103|0x00000000a8b00000, 0x00000000a8c00000, 0x00000000a8c00000|100%|HC|  |TAMS 0x00000000a8c00000, 0x00000000a8b00000| Complete 
| 104|0x00000000a8c00000, 0x00000000a8d00000, 0x00000000a8d00000|100%|HC|  |TAMS 0x00000000a8d00000, 0x00000000a8c00000| Complete 
| 105|0x00000000a8d00000, 0x00000000a8e00000, 0x00000000a8e00000|100%|HC|  |TAMS 0x00000000a8e00000, 0x00000000a8d00000| Complete 
| 106|0x00000000a8e00000, 0x00000000a8f00000, 0x00000000a8f00000|100%|HC|  |TAMS 0x00000000a8f00000, 0x00000000a8e00000| Complete 
| 107|0x00000000a8f00000, 0x00000000a9000000, 0x00000000a9000000|100%|HC|  |TAMS 0x00000000a9000000, 0x00000000a8f00000| Complete 
| 108|0x00000000a9000000, 0x00000000a9000000, 0x00000000a9100000|  0%| F|  |TAMS 0x00000000a9000000, 0x00000000a9000000| Untracked 
| 109|0x00000000a9100000, 0x00000000a9100000, 0x00000000a9200000|  0%| F|  |TAMS 0x00000000a9100000, 0x00000000a9100000| Untracked 
| 110|0x00000000a9200000, 0x00000000a9200000, 0x00000000a9300000|  0%| F|  |TAMS 0x00000000a9200000, 0x00000000a9200000| Untracked 
| 111|0x00000000a9300000, 0x00000000a9300000, 0x00000000a9400000|  0%| F|  |TAMS 0x00000000a9300000, 0x00000000a9300000| Untracked 
| 112|0x00000000a9400000, 0x00000000a9400000, 0x00000000a9500000|  0%| F|  |TAMS 0x00000000a9400000, 0x00000000a9400000| Untracked 
| 113|0x00000000a9500000, 0x00000000a9500000, 0x00000000a9600000|  0%| F|  |TAMS 0x00000000a9500000, 0x00000000a9500000| Untracked 
| 114|0x00000000a9600000, 0x00000000a9600000, 0x00000000a9700000|  0%| F|  |TAMS 0x00000000a9600000, 0x00000000a9600000| Untracked 
| 115|0x00000000a9700000, 0x00000000a9700000, 0x00000000a9800000|  0%| F|  |TAMS 0x00000000a9700000, 0x00000000a9700000| Untracked 
| 116|0x00000000a9800000, 0x00000000a9800000, 0x00000000a9900000|  0%| F|  |TAMS 0x00000000a9800000, 0x00000000a9800000| Untracked 
| 117|0x00000000a9900000, 0x00000000a9900000, 0x00000000a9a00000|  0%| F|  |TAMS 0x00000000a9900000, 0x00000000a9900000| Untracked 
| 118|0x00000000a9a00000, 0x00000000a9a00000, 0x00000000a9b00000|  0%| F|  |TAMS 0x00000000a9a00000, 0x00000000a9a00000| Untracked 
| 119|0x00000000a9b00000, 0x00000000a9b00000, 0x00000000a9c00000|  0%| F|  |TAMS 0x00000000a9b00000, 0x00000000a9b00000| Untracked 
| 120|0x00000000a9c00000, 0x00000000a9c00000, 0x00000000a9d00000|  0%| F|  |TAMS 0x00000000a9c00000, 0x00000000a9c00000| Untracked 
| 121|0x00000000a9d00000, 0x00000000a9d00000, 0x00000000a9e00000|  0%| F|  |TAMS 0x00000000a9d00000, 0x00000000a9d00000| Untracked 
| 122|0x00000000a9e00000, 0x00000000a9e00000, 0x00000000a9f00000|  0%| F|  |TAMS 0x00000000a9e00000, 0x00000000a9e00000| Untracked 
| 123|0x00000000a9f00000, 0x00000000a9f00000, 0x00000000aa000000|  0%| F|  |TAMS 0x00000000a9f00000, 0x00000000a9f00000| Untracked 
| 124|0x00000000aa000000, 0x00000000aa000000, 0x00000000aa100000|  0%| F|  |TAMS 0x00000000aa000000, 0x00000000aa000000| Untracked 
| 125|0x00000000aa100000, 0x00000000aa100000, 0x00000000aa200000|  0%| F|  |TAMS 0x00000000aa100000, 0x00000000aa100000| Untracked 
| 126|0x00000000aa200000, 0x00000000aa200000, 0x00000000aa300000|  0%| F|  |TAMS 0x00000000aa200000, 0x00000000aa200000| Untracked 
| 127|0x00000000aa300000, 0x00000000aa300000, 0x00000000aa400000|  0%| F|  |TAMS 0x00000000aa300000, 0x00000000aa300000| Untracked 
| 128|0x00000000aa400000, 0x00000000aa400000, 0x00000000aa500000|  0%| F|  |TAMS 0x00000000aa400000, 0x00000000aa400000| Untracked 
| 129|0x00000000aa500000, 0x00000000aa500000, 0x00000000aa600000|  0%| F|  |TAMS 0x00000000aa500000, 0x00000000aa500000| Untracked 
| 130|0x00000000aa600000, 0x00000000aa600000, 0x00000000aa700000|  0%| F|  |TAMS 0x00000000aa600000, 0x00000000aa600000| Untracked 
| 131|0x00000000aa700000, 0x00000000aa700000, 0x00000000aa800000|  0%| F|  |TAMS 0x00000000aa700000, 0x00000000aa700000| Untracked 
| 132|0x00000000aa800000, 0x00000000aa800000, 0x00000000aa900000|  0%| F|  |TAMS 0x00000000aa800000, 0x00000000aa800000| Untracked 
| 133|0x00000000aa900000, 0x00000000aa900000, 0x00000000aaa00000|  0%| F|  |TAMS 0x00000000aa900000, 0x00000000aa900000| Untracked 
| 134|0x00000000aaa00000, 0x00000000aaa00000, 0x00000000aab00000|  0%| F|  |TAMS 0x00000000aaa00000, 0x00000000aaa00000| Untracked 
| 135|0x00000000aab00000, 0x00000000aab00000, 0x00000000aac00000|  0%| F|  |TAMS 0x00000000aab00000, 0x00000000aab00000| Untracked 
| 136|0x00000000aac00000, 0x00000000aac00000, 0x00000000aad00000|  0%| F|  |TAMS 0x00000000aac00000, 0x00000000aac00000| Untracked 
| 137|0x00000000aad00000, 0x00000000aad00000, 0x00000000aae00000|  0%| F|  |TAMS 0x00000000aad00000, 0x00000000aad00000| Untracked 
| 138|0x00000000aae00000, 0x00000000aae00000, 0x00000000aaf00000|  0%| F|  |TAMS 0x00000000aae00000, 0x00000000aae00000| Untracked 
| 139|0x00000000aaf00000, 0x00000000aaf00000, 0x00000000ab000000|  0%| F|  |TAMS 0x00000000aaf00000, 0x00000000aaf00000| Untracked 
| 140|0x00000000ab000000, 0x00000000ab000000, 0x00000000ab100000|  0%| F|  |TAMS 0x00000000ab000000, 0x00000000ab000000| Untracked 
| 141|0x00000000ab100000, 0x00000000ab100000, 0x00000000ab200000|  0%| F|  |TAMS 0x00000000ab100000, 0x00000000ab100000| Untracked 
| 142|0x00000000ab200000, 0x00000000ab200000, 0x00000000ab300000|  0%| F|  |TAMS 0x00000000ab200000, 0x00000000ab200000| Untracked 
| 143|0x00000000ab300000, 0x00000000ab300000, 0x00000000ab400000|  0%| F|  |TAMS 0x00000000ab300000, 0x00000000ab300000| Untracked 
| 144|0x00000000ab400000, 0x00000000ab400000, 0x00000000ab500000|  0%| F|  |TAMS 0x00000000ab400000, 0x00000000ab400000| Untracked 
| 145|0x00000000ab500000, 0x00000000ab500000, 0x00000000ab600000|  0%| F|  |TAMS 0x00000000ab500000, 0x00000000ab500000| Untracked 
| 146|0x00000000ab600000, 0x00000000ab600000, 0x00000000ab700000|  0%| F|  |TAMS 0x00000000ab600000, 0x00000000ab600000| Untracked 
| 147|0x00000000ab700000, 0x00000000ab700000, 0x00000000ab800000|  0%| F|  |TAMS 0x00000000ab700000, 0x00000000ab700000| Untracked 
| 148|0x00000000ab800000, 0x00000000ab800000, 0x00000000ab900000|  0%| F|  |TAMS 0x00000000ab800000, 0x00000000ab800000| Untracked 
| 149|0x00000000ab900000, 0x00000000ab900000, 0x00000000aba00000|  0%| F|  |TAMS 0x00000000ab900000, 0x00000000ab900000| Untracked 
| 150|0x00000000aba00000, 0x00000000aba00000, 0x00000000abb00000|  0%| F|  |TAMS 0x00000000aba00000, 0x00000000aba00000| Untracked 
| 151|0x00000000abb00000, 0x00000000abb00000, 0x00000000abc00000|  0%| F|  |TAMS 0x00000000abb00000, 0x00000000abb00000| Untracked 
| 152|0x00000000abc00000, 0x00000000abc00000, 0x00000000abd00000|  0%| F|  |TAMS 0x00000000abc00000, 0x00000000abc00000| Untracked 
| 153|0x00000000abd00000, 0x00000000abd00000, 0x00000000abe00000|  0%| F|  |TAMS 0x00000000abd00000, 0x00000000abd00000| Untracked 
| 154|0x00000000abe00000, 0x00000000abe00000, 0x00000000abf00000|  0%| F|  |TAMS 0x00000000abe00000, 0x00000000abe00000| Untracked 
| 155|0x00000000abf00000, 0x00000000abf00000, 0x00000000ac000000|  0%| F|  |TAMS 0x00000000abf00000, 0x00000000abf00000| Untracked 
| 156|0x00000000ac000000, 0x00000000ac000000, 0x00000000ac100000|  0%| F|  |TAMS 0x00000000ac000000, 0x00000000ac000000| Untracked 
| 157|0x00000000ac100000, 0x00000000ac100000, 0x00000000ac200000|  0%| F|  |TAMS 0x00000000ac100000, 0x00000000ac100000| Untracked 
| 158|0x00000000ac200000, 0x00000000ac200000, 0x00000000ac300000|  0%| F|  |TAMS 0x00000000ac200000, 0x00000000ac200000| Untracked 
| 159|0x00000000ac300000, 0x00000000ac300000, 0x00000000ac400000|  0%| F|  |TAMS 0x00000000ac300000, 0x00000000ac300000| Untracked 
| 160|0x00000000ac400000, 0x00000000ac400000, 0x00000000ac500000|  0%| F|  |TAMS 0x00000000ac400000, 0x00000000ac400000| Untracked 
| 161|0x00000000ac500000, 0x00000000ac500000, 0x00000000ac600000|  0%| F|  |TAMS 0x00000000ac500000, 0x00000000ac500000| Untracked 
| 162|0x00000000ac600000, 0x00000000ac600000, 0x00000000ac700000|  0%| F|  |TAMS 0x00000000ac600000, 0x00000000ac600000| Untracked 
| 163|0x00000000ac700000, 0x00000000ac700000, 0x00000000ac800000|  0%| F|  |TAMS 0x00000000ac700000, 0x00000000ac700000| Untracked 
| 164|0x00000000ac800000, 0x00000000ac800000, 0x00000000ac900000|  0%| F|  |TAMS 0x00000000ac800000, 0x00000000ac800000| Untracked 
| 165|0x00000000ac900000, 0x00000000ac900000, 0x00000000aca00000|  0%| F|  |TAMS 0x00000000ac900000, 0x00000000ac900000| Untracked 
| 166|0x00000000aca00000, 0x00000000aca00000, 0x00000000acb00000|  0%| F|  |TAMS 0x00000000aca00000, 0x00000000aca00000| Untracked 
| 167|0x00000000acb00000, 0x00000000acb00000, 0x00000000acc00000|  0%| F|  |TAMS 0x00000000acb00000, 0x00000000acb00000| Untracked 
| 168|0x00000000acc00000, 0x00000000acc00000, 0x00000000acd00000|  0%| F|  |TAMS 0x00000000acc00000, 0x00000000acc00000| Untracked 
| 169|0x00000000acd00000, 0x00000000acd00000, 0x00000000ace00000|  0%| F|  |TAMS 0x00000000acd00000, 0x00000000acd00000| Untracked 
| 170|0x00000000ace00000, 0x00000000ace00000, 0x00000000acf00000|  0%| F|  |TAMS 0x00000000ace00000, 0x00000000ace00000| Untracked 
| 171|0x00000000acf00000, 0x00000000acf00000, 0x00000000ad000000|  0%| F|  |TAMS 0x00000000acf00000, 0x00000000acf00000| Untracked 
| 172|0x00000000ad000000, 0x00000000ad000000, 0x00000000ad100000|  0%| F|  |TAMS 0x00000000ad000000, 0x00000000ad000000| Untracked 
| 173|0x00000000ad100000, 0x00000000ad16a8b0, 0x00000000ad200000| 41%| S|CS|TAMS 0x00000000ad100000, 0x00000000ad100000| Complete 
| 174|0x00000000ad200000, 0x00000000ad300000, 0x00000000ad300000|100%| S|CS|TAMS 0x00000000ad200000, 0x00000000ad200000| Complete 
| 175|0x00000000ad300000, 0x00000000ad300000, 0x00000000ad400000|  0%| F|  |TAMS 0x00000000ad300000, 0x00000000ad300000| Untracked 
| 176|0x00000000ad400000, 0x00000000ad400000, 0x00000000ad500000|  0%| F|  |TAMS 0x00000000ad400000, 0x00000000ad400000| Untracked 
| 177|0x00000000ad500000, 0x00000000ad500000, 0x00000000ad600000|  0%| F|  |TAMS 0x00000000ad500000, 0x00000000ad500000| Untracked 
| 178|0x00000000ad600000, 0x00000000ad600000, 0x00000000ad700000|  0%| F|  |TAMS 0x00000000ad600000, 0x00000000ad600000| Untracked 
| 179|0x00000000ad700000, 0x00000000ad700000, 0x00000000ad800000|  0%| F|  |TAMS 0x00000000ad700000, 0x00000000ad700000| Untracked 
| 180|0x00000000ad800000, 0x00000000ad800000, 0x00000000ad900000|  0%| F|  |TAMS 0x00000000ad800000, 0x00000000ad800000| Untracked 
| 181|0x00000000ad900000, 0x00000000ad900000, 0x00000000ada00000|  0%| F|  |TAMS 0x00000000ad900000, 0x00000000ad900000| Untracked 
| 182|0x00000000ada00000, 0x00000000ada00000, 0x00000000adb00000|  0%| F|  |TAMS 0x00000000ada00000, 0x00000000ada00000| Untracked 
| 183|0x00000000adb00000, 0x00000000adb00000, 0x00000000adc00000|  0%| F|  |TAMS 0x00000000adb00000, 0x00000000adb00000| Untracked 
| 184|0x00000000adc00000, 0x00000000adc00000, 0x00000000add00000|  0%| F|  |TAMS 0x00000000adc00000, 0x00000000adc00000| Untracked 
| 185|0x00000000add00000, 0x00000000add00000, 0x00000000ade00000|  0%| F|  |TAMS 0x00000000add00000, 0x00000000add00000| Untracked 
| 186|0x00000000ade00000, 0x00000000ade80800, 0x00000000adf00000| 50%| E|  |TAMS 0x00000000ade00000, 0x00000000ade00000| Complete 
| 187|0x00000000adf00000, 0x00000000ae000000, 0x00000000ae000000|100%| E|CS|TAMS 0x00000000adf00000, 0x00000000adf00000| Complete 
| 188|0x00000000ae000000, 0x00000000ae100000, 0x00000000ae100000|100%| E|CS|TAMS 0x00000000ae000000, 0x00000000ae000000| Complete 
| 189|0x00000000ae100000, 0x00000000ae200000, 0x00000000ae200000|100%| E|CS|TAMS 0x00000000ae100000, 0x00000000ae100000| Complete 
| 190|0x00000000ae200000, 0x00000000ae300000, 0x00000000ae300000|100%| E|CS|TAMS 0x00000000ae200000, 0x00000000ae200000| Complete 
| 191|0x00000000ae300000, 0x00000000ae400000, 0x00000000ae400000|100%| E|CS|TAMS 0x00000000ae300000, 0x00000000ae300000| Complete 

Card table byte_map: [0x000002e2b08e0000,0x000002e2b0bd0000] _byte_map_base: 0x000002e2b03ce000

Marking Bits (Prev, Next): (CMBitMap*) 0x000002e2995cb590, (CMBitMap*) 0x000002e2995cb550
 Prev Bits: [0x000002e2b2630000, 0x000002e2b3da0000)
 Next Bits: [0x000002e2b0ec0000, 0x000002e2b2630000)

Polling page: 0x000002e298d40000

Metaspace:

Usage:
  Non-class:      9.43 MB used.
      Class:      1.06 MB used.
       Both:     10.49 MB used.

Virtual space:
  Non-class space:       64.00 MB reserved,       9.50 MB ( 15%) committed,  1 nodes.
      Class space:        1.00 GB reserved,       1.12 MB ( <1%) committed,  1 nodes.
             Both:        1.06 GB reserved,      10.62 MB ( <1%) committed. 

Chunk freelists:
   Non-Class:  6.45 MB
       Class:  14.75 MB
        Both:  21.21 MB

MaxMetaspaceSize: unlimited
CompressedClassSpaceSize: 1.00 GB
Initial GC threshold: 21.00 MB
Current GC threshold: 21.00 MB
CDS: on
MetaspaceReclaimPolicy: balanced
 - commit_granule_bytes: 65536.
 - commit_granule_words: 8192.
 - virtual_space_node_default_size: 8388608.
 - enlarge_chunks_in_place: 1.
 - new_chunks_are_fully_committed: 0.
 - uncommit_free_chunks: 1.
 - use_allocation_guard: 0.
 - handle_deallocations: 1.


Internal statistics:

num_allocs_failed_limit: 0.
num_arena_births: 138.
num_arena_deaths: 0.
num_vsnodes_births: 2.
num_vsnodes_deaths: 0.
num_space_committed: 170.
num_space_uncommitted: 0.
num_chunks_returned_to_freelist: 0.
num_chunks_taken_from_freelist: 212.
num_chunk_merges: 0.
num_chunk_splits: 118.
num_chunks_enlarged: 46.
num_inconsistent_stats: 0.

CodeHeap 'non-profiled nmethods': size=120000Kb used=2153Kb max_used=2153Kb free=117847Kb
 bounds [0x000002e2a8b70000, 0x000002e2a8de0000, 0x000002e2b00a0000]
CodeHeap 'profiled nmethods': size=120000Kb used=4945Kb max_used=4945Kb free=115054Kb
 bounds [0x000002e2a10a0000, 0x000002e2a1580000, 0x000002e2a85d0000]
CodeHeap 'non-nmethods': size=5760Kb used=1311Kb max_used=1350Kb free=4448Kb
 bounds [0x000002e2a85d0000, 0x000002e2a8840000, 0x000002e2a8b70000]
 total_blobs=3228 nmethods=2581 adapters=559
 compilation: enabled
              stopped_count=0, restarted_count=0
 full_count=0

Compilation events (20 events):
Event: 492.573 Thread 0x000002e2b69c01f0 nmethod 2573 0x000002e2a1565f10 code [0x000002e2a15660e0, 0x000002e2a1566608]
Event: 492.573 Thread 0x000002e2b69c01f0 2574       3       sun.awt.im.InputMethodContext::dispatchEvent (62 bytes)
Event: 492.574 Thread 0x000002e2b69c01f0 nmethod 2574 0x000002e2a1566810 code [0x000002e2a1566a60, 0x000002e2a1567568]
Event: 492.688 Thread 0x000002e2b69c01f0 2575       3       sun.awt.windows.WInputMethod::dispatchEvent (66 bytes)
Event: 492.689 Thread 0x000002e2b69c01f0 nmethod 2575 0x000002e2a1567810 code [0x000002e2a1567a00, 0x000002e2a1568278]
Event: 492.704 Thread 0x000002e2b69c01f0 2576       3       java.util.HashSet::remove (20 bytes)
Event: 492.704 Thread 0x000002e2b69c01f0 nmethod 2576 0x000002e2a1568410 code [0x000002e2a15685c0, 0x000002e2a1568808]
Event: 492.721 Thread 0x000002e2b69c01f0 2578       3       java.util.HashMap::afterNodeRemoval (1 bytes)
Event: 492.721 Thread 0x000002e2b69c01f0 nmethod 2578 0x000002e2a1568910 code [0x000002e2a1568aa0, 0x000002e2a1568bb8]
Event: 492.847 Thread 0x000002e2b69bf830 2579  s    4       sun.java2d.ScreenUpdateManager::getInstance (39 bytes)
Event: 492.849 Thread 0x000002e2b69bf830 nmethod 2579 0x000002e2a8d89d10 code [0x000002e2a8d89ea0, 0x000002e2a8d8a078]
Event: 492.888 Thread 0x000002e2b69c01f0 2580 % !   3       main.GamePanel::run @ 1363 (1581 bytes)
Event: 492.893 Thread 0x000002e2b69bf830 2581       4       java.awt.event.InputEvent::getModifiers (8 bytes)
Event: 492.894 Thread 0x000002e2b69bf830 nmethod 2581 0x000002e2a8d8a110 code [0x000002e2a8d8a280, 0x000002e2a8d8a2f8]
Event: 492.896 Thread 0x000002e2b69c01f0 nmethod 2580% 0x000002e2a1568c90 code [0x000002e2a1569420, 0x000002e2a156eee8]
Event: 492.896 Thread 0x000002e2b69c01f0 2582   !   3       sun.awt.AWTAutoShutdown::notifyThreadBusy (88 bytes)
Event: 492.896 Thread 0x000002e2b69c01f0 nmethod 2582 0x000002e2a1571490 code [0x000002e2a1571680, 0x000002e2a1571bf8]
Event: 492.906 Thread 0x000002e2b69bf830 2583 % !   4       main.GamePanel::run @ 1426 (1581 bytes)
Event: 492.912 Thread 0x000002e2b69c01f0 2584       3       main.GamePanel::drawToTempScreen (699 bytes)
Event: 492.914 Thread 0x000002e2b69c01f0 nmethod 2584 0x000002e2a1571f10 code [0x000002e2a15722a0, 0x000002e2a1573a68]

GC Heap History (20 events):
Event: 1.460 GC heap before
{Heap before GC invocations=1 (full 0):
 garbage-first heap   total 96256K, used 44045K [0x00000000a2400000, 0x0000000100000000)
  region size 1024K, 6 young (6144K), 3 survivors (3072K)
 Metaspace       used 9501K, committed 9600K, reserved 1114112K
  class space    used 1037K, committed 1088K, reserved 1048576K
}
Event: 1.463 GC heap after
{Heap after GC invocations=2 (full 0):
 garbage-first heap   total 96256K, used 42783K [0x00000000a2400000, 0x0000000100000000)
  region size 1024K, 1 young (1024K), 1 survivors (1024K)
 Metaspace       used 9501K, committed 9600K, reserved 1114112K
  class space    used 1037K, committed 1088K, reserved 1048576K
}
Event: 4.679 GC heap before
{Heap before GC invocations=2 (full 0):
 garbage-first heap   total 96256K, used 58143K [0x00000000a2400000, 0x0000000100000000)
  region size 1024K, 9 young (9216K), 1 survivors (1024K)
 Metaspace       used 9963K, committed 10112K, reserved 1114112K
  class space    used 1062K, committed 1152K, reserved 1048576K
}
Event: 4.680 GC heap after
{Heap after GC invocations=3 (full 0):
 garbage-first heap   total 96256K, used 50714K [0x00000000a2400000, 0x0000000100000000)
  region size 1024K, 1 young (1024K), 1 survivors (1024K)
 Metaspace       used 9963K, committed 10112K, reserved 1114112K
  class space    used 1062K, committed 1152K, reserved 1048576K
}
Event: 39.033 GC heap before
{Heap before GC invocations=4 (full 0):
 garbage-first heap   total 96256K, used 72218K [0x00000000a2400000, 0x0000000100000000)
  region size 1024K, 22 young (22528K), 1 survivors (1024K)
 Metaspace       used 10200K, committed 10432K, reserved 1114112K
  class space    used 1062K, committed 1152K, reserved 1048576K
}
Event: 39.033 GC heap after
{Heap after GC invocations=5 (full 0):
 garbage-first heap   total 96256K, used 50688K [0x00000000a2400000, 0x0000000100000000)
  region size 1024K, 1 young (1024K), 1 survivors (1024K)
 Metaspace       used 10200K, committed 10432K, reserved 1114112K
  class space    used 1062K, committed 1152K, reserved 1048576K
}
Event: 121.387 GC heap before
{Heap before GC invocations=5 (full 0):
 garbage-first heap   total 96256K, used 74240K [0x00000000a2400000, 0x0000000100000000)
  region size 1024K, 24 young (24576K), 1 survivors (1024K)
 Metaspace       used 10224K, committed 10432K, reserved 1114112K
  class space    used 1062K, committed 1152K, reserved 1048576K
}
Event: 121.388 GC heap after
{Heap after GC invocations=6 (full 0):
 garbage-first heap   total 96256K, used 50711K [0x00000000a2400000, 0x0000000100000000)
  region size 1024K, 1 young (1024K), 1 survivors (1024K)
 Metaspace       used 10224K, committed 10432K, reserved 1114112K
  class space    used 1062K, committed 1152K, reserved 1048576K
}
Event: 231.261 GC heap before
{Heap before GC invocations=7 (full 0):
 garbage-first heap   total 96256K, used 76311K [0x00000000a2400000, 0x0000000100000000)
  region size 1024K, 26 young (26624K), 1 survivors (1024K)
 Metaspace       used 10225K, committed 10432K, reserved 1114112K
  class space    used 1062K, committed 1152K, reserved 1048576K
}
Event: 231.262 GC heap after
{Heap after GC invocations=8 (full 0):
 garbage-first heap   total 96256K, used 50714K [0x00000000a2400000, 0x0000000100000000)
  region size 1024K, 1 young (1024K), 1 survivors (1024K)
 Metaspace       used 10225K, committed 10432K, reserved 1114112K
  class space    used 1062K, committed 1152K, reserved 1048576K
}
Event: 351.281 GC heap before
{Heap before GC invocations=8 (full 0):
 garbage-first heap   total 96256K, used 78362K [0x00000000a2400000, 0x0000000100000000)
  region size 1024K, 28 young (28672K), 1 survivors (1024K)
 Metaspace       used 10233K, committed 10432K, reserved 1114112K
  class space    used 1062K, committed 1152K, reserved 1048576K
}
Event: 351.282 GC heap after
{Heap after GC invocations=9 (full 0):
 garbage-first heap   total 96256K, used 50710K [0x00000000a2400000, 0x0000000100000000)
  region size 1024K, 1 young (1024K), 1 survivors (1024K)
 Metaspace       used 10233K, committed 10432K, reserved 1114112K
  class space    used 1062K, committed 1152K, reserved 1048576K
}
Event: 470.149 GC heap before
{Heap before GC invocations=10 (full 0):
 garbage-first heap   total 96256K, used 79382K [0x00000000a2400000, 0x0000000100000000)
  region size 1024K, 30 young (30720K), 1 survivors (1024K)
 Metaspace       used 10447K, committed 10624K, reserved 1114112K
  class space    used 1074K, committed 1152K, reserved 1048576K
}
Event: 470.151 GC heap after
{Heap after GC invocations=11 (full 0):
 garbage-first heap   total 96256K, used 50912K [0x00000000a2400000, 0x0000000100000000)
  region size 1024K, 1 young (1024K), 1 survivors (1024K)
 Metaspace       used 10447K, committed 10624K, reserved 1114112K
  class space    used 1074K, committed 1152K, reserved 1048576K
}
Event: 472.917 GC heap before
{Heap before GC invocations=12 (full 0):
 garbage-first heap   total 163840K, used 105184K [0x00000000a2400000, 0x0000000100000000)
  region size 1024K, 11 young (11264K), 1 survivors (1024K)
 Metaspace       used 10596K, committed 10752K, reserved 1114112K
  class space    used 1082K, committed 1152K, reserved 1048576K
}
Event: 472.918 GC heap after
{Heap after GC invocations=13 (full 0):
 garbage-first heap   total 196608K, used 96029K [0x00000000a2400000, 0x0000000100000000)
  region size 1024K, 1 young (1024K), 1 survivors (1024K)
 Metaspace       used 10596K, committed 10752K, reserved 1114112K
  class space    used 1082K, committed 1152K, reserved 1048576K
}
Event: 479.550 GC heap before
{Heap before GC invocations=14 (full 0):
 garbage-first heap   total 196608K, used 115485K [0x00000000a2400000, 0x0000000100000000)
  region size 1024K, 20 young (20480K), 1 survivors (1024K)
 Metaspace       used 10653K, committed 10816K, reserved 1114112K
  class space    used 1082K, committed 1152K, reserved 1048576K
}
Event: 479.553 GC heap after
{Heap after GC invocations=15 (full 0):
 garbage-first heap   total 196608K, used 97677K [0x00000000a2400000, 0x0000000100000000)
  region size 1024K, 2 young (2048K), 2 survivors (2048K)
 Metaspace       used 10653K, committed 10816K, reserved 1114112K
  class space    used 1082K, committed 1152K, reserved 1048576K
}
Event: 491.913 GC heap before
{Heap before GC invocations=16 (full 0):
 garbage-first heap   total 196608K, used 115085K [0x00000000a2400000, 0x0000000100000000)
  region size 1024K, 19 young (19456K), 2 survivors (2048K)
 Metaspace       used 10694K, committed 10880K, reserved 1114112K
  class space    used 1082K, committed 1152K, reserved 1048576K
}
Event: 491.914 GC heap after
{Heap after GC invocations=17 (full 0):
 garbage-first heap   total 196608K, used 98879K [0x00000000a2400000, 0x0000000100000000)
  region size 1024K, 2 young (2048K), 2 survivors (2048K)
 Metaspace       used 10694K, committed 10880K, reserved 1114112K
  class space    used 1082K, committed 1152K, reserved 1048576K
}

Dll operation events (14 events):
Event: 0.007 Loaded shared library C:\Program Files\Eclipse Adoptium\jdk-17.0.9.9-hotspot\bin\java.dll
Event: 0.023 Loaded shared library C:\Program Files\Eclipse Adoptium\jdk-17.0.9.9-hotspot\bin\jsvml.dll
Event: 0.053 Loaded shared library C:\Program Files\Eclipse Adoptium\jdk-17.0.9.9-hotspot\bin\zip.dll
Event: 0.055 Loaded shared library C:\Program Files\Eclipse Adoptium\jdk-17.0.9.9-hotspot\bin\instrument.dll
Event: 0.061 Loaded shared library C:\Program Files\Eclipse Adoptium\jdk-17.0.9.9-hotspot\bin\net.dll
Event: 0.062 Loaded shared library C:\Program Files\Eclipse Adoptium\jdk-17.0.9.9-hotspot\bin\nio.dll
Event: 0.064 Loaded shared library C:\Program Files\Eclipse Adoptium\jdk-17.0.9.9-hotspot\bin\zip.dll
Event: 0.068 Loaded shared library C:\Program Files\JetBrains\IntelliJ IDEA Community Edition 2023.2.5\bin\breakgen64.dll
Event: 0.080 Loaded shared library C:\Program Files\Eclipse Adoptium\jdk-17.0.9.9-hotspot\bin\jimage.dll
Event: 0.098 Loaded shared library C:\Program Files\Eclipse Adoptium\jdk-17.0.9.9-hotspot\bin\awt.dll
Event: 0.859 Loaded shared library C:\Program Files\Eclipse Adoptium\jdk-17.0.9.9-hotspot\bin\freetype.dll
Event: 0.861 Loaded shared library C:\Program Files\Eclipse Adoptium\jdk-17.0.9.9-hotspot\bin\fontmanager.dll
Event: 0.952 Loaded shared library C:\Program Files\Eclipse Adoptium\jdk-17.0.9.9-hotspot\bin\lcms.dll
Event: 1.046 Loaded shared library C:\Program Files\Eclipse Adoptium\jdk-17.0.9.9-hotspot\bin\jsound.dll

Deoptimization events (20 events):
Event: 491.937 Thread 0x000002e2fd52e6f0 DEOPT PACKING pc=0x000002e2a8c36514 sp=0x000000ff44f1edf0
Event: 491.937 Thread 0x000002e2fd52e6f0 DEOPT UNPACKING pc=0x000002e2a86269a3 sp=0x000000ff44f1ed08 mode 2
Event: 492.887 Thread 0x000002e2fd52e6f0 Uncommon trap: trap_request=0xffffff45 fr.pc=0x000002e2a8cced0c relative=0x0000000000001d6c
Event: 492.887 Thread 0x000002e2fd52e6f0 Uncommon trap: reason=unstable_if action=reinterpret pc=0x000002e2a8cced0c method=main.GamePanel.run()V @ 1241 c2
Event: 492.887 Thread 0x000002e2fd52e6f0 DEOPT PACKING pc=0x000002e2a8cced0c sp=0x000000ff44f1f410
Event: 492.887 Thread 0x000002e2fd52e6f0 DEOPT UNPACKING pc=0x000002e2a86269a3 sp=0x000000ff44f1f388 mode 2
Event: 492.897 Thread 0x000002e2fd52e6f0 Uncommon trap: trap_request=0xffffff45 fr.pc=0x000002e2a8d0fa10 relative=0x0000000000002a50
Event: 492.897 Thread 0x000002e2fd52e6f0 Uncommon trap: reason=unstable_if action=reinterpret pc=0x000002e2a8d0fa10 method=main.GamePanel.drawToTempScreen()V @ 611 c2
Event: 492.897 Thread 0x000002e2fd52e6f0 DEOPT PACKING pc=0x000002e2a8d0fa10 sp=0x000000ff44f1f140
Event: 492.897 Thread 0x000002e2fd52e6f0 DEOPT UNPACKING pc=0x000002e2a86269a3 sp=0x000000ff44f1f108 mode 2
Event: 492.912 Thread 0x000002e2fd52e6f0 Uncommon trap: trap_request=0xffffff45 fr.pc=0x000002e2a8d138d0 relative=0x0000000000000810
Event: 492.912 Thread 0x000002e2fd52e6f0 Uncommon trap: reason=unstable_if action=reinterpret pc=0x000002e2a8d138d0 method=main.GamePanel.drawToTempScreen()V @ 611 c2
Event: 492.912 Thread 0x000002e2fd52e6f0 DEOPT PACKING pc=0x000002e2a8d138d0 sp=0x000000ff44f1f170
Event: 492.912 Thread 0x000002e2fd52e6f0 DEOPT UNPACKING pc=0x000002e2a86269a3 sp=0x000000ff44f1f108 mode 2
Event: 492.927 Thread 0x000002e2fd52e6f0 DEOPT PACKING pc=0x000002e2a15737f4 sp=0x000000ff44f1f130
Event: 492.927 Thread 0x000002e2fd52e6f0 DEOPT UNPACKING pc=0x000002e2a8627143 sp=0x000000ff44f1e600 mode 0
Event: 492.928 Thread 0x000002e2fd52e6f0 Uncommon trap: trap_request=0xffffff45 fr.pc=0x000002e2a8d07e6c relative=0x000000000000046c
Event: 492.928 Thread 0x000002e2fd52e6f0 Uncommon trap: reason=unstable_if action=reinterpret pc=0x000002e2a8d07e6c method=main.GamePanel.drawToTempScreen()V @ 611 c2
Event: 492.928 Thread 0x000002e2fd52e6f0 DEOPT PACKING pc=0x000002e2a8d07e6c sp=0x000000ff44f1f170
Event: 492.928 Thread 0x000002e2fd52e6f0 DEOPT UNPACKING pc=0x000002e2a86269a3 sp=0x000000ff44f1f108 mode 2

Classes unloaded (0 events):
No events

Classes redefined (0 events):
No events

Internal exceptions (20 events):
Event: 0.560 Thread 0x000002e29957fdf0 Exception <a 'java/lang/NoSuchMethodError'{0x00000000a7d1ace8}: 'java.lang.Object java.lang.invoke.DirectMethodHandle$Holder.invokeStatic(java.lang.Object, int, java.lang.Object, java.lang.Object, java.lang.Object, java.lang.Object)'> (0x00000000a7d1ace8) 
thrown [s\src\hotspot\share\interpreter\linkResolver.cpp, line 759]
Event: 0.564 Thread 0x000002e29957fdf0 Exception <a 'java/lang/NoSuchMethodError'{0x00000000a7d404a8}: 'java.lang.Object java.lang.invoke.DirectMethodHandle$Holder.invokeStatic(java.lang.Object, int, java.lang.Object)'> (0x00000000a7d404a8) 
thrown [s\src\hotspot\share\interpreter\linkResolver.cpp, line 759]
Event: 0.581 Thread 0x000002e29957fdf0 Exception <a 'java/lang/ClassNotFoundException'{0x00000000a7df8550}: com/sun/swing/internal/plaf/metal/resources/spi/metalProvider> (0x00000000a7df8550) 
thrown [s\src\hotspot\share\classfile\systemDictionary.cpp, line 256]
Event: 0.582 Thread 0x000002e29957fdf0 Exception <a 'java/lang/ClassNotFoundException'{0x00000000a7dfc150}: com/sun/swing/internal/plaf/basic/resources/spi/basicProvider> (0x00000000a7dfc150) 
thrown [s\src\hotspot\share\classfile\systemDictionary.cpp, line 256]
Event: 0.627 Thread 0x000002e2fd52fb30 Exception <a 'java/lang/NoSuchMethodError'{0x00000000a7bf8ad8}: 'java.lang.Object java.lang.invoke.DirectMethodHandle$Holder.newInvokeSpecial(java.lang.Object, java.lang.Object, java.lang.Object, int, int, int, int, int)'> (0x00000000a7bf8ad8) 
thrown [s\src\hotspot\share\interpreter\linkResolver.cpp, line 759]
Event: 0.711 Thread 0x000002e29957fdf0 Exception <a 'java/lang/NoSuchMethodError'{0x00000000a7ab0438}: 'java.lang.Object java.lang.invoke.DirectMethodHandle$Holder.invokeStaticInit(java.lang.Object, int, int, int, int)'> (0x00000000a7ab0438) 
thrown [s\src\hotspot\share\interpreter\linkResolver.cpp, line 759]
Event: 0.773 Thread 0x000002e29957fdf0 Exception <a 'java/lang/NoSuchMethodError'{0x00000000a7958a58}: 'java.lang.Object java.lang.invoke.DirectMethodHandle$Holder.invokeStaticInit(java.lang.Object, java.lang.Object, int, int, int, int)'> (0x00000000a7958a58) 
thrown [s\src\hotspot\share\interpreter\linkResolver.cpp, line 759]
Event: 0.989 Thread 0x000002e29957fdf0 Exception <a 'java/lang/NoSuchMethodError'{0x00000000a6c7d2e0}: 'void java.lang.invoke.DirectMethodHandle$Holder.invokeStaticInit(java.lang.Object)'> (0x00000000a6c7d2e0) 
thrown [s\src\hotspot\share\interpreter\linkResolver.cpp, line 759]
Event: 1.001 Thread 0x000002e2b6e2d340 Exception <a 'java/lang/NoSuchMethodError'{0x00000000a7e85bb0}: 'void java.lang.invoke.DirectMethodHandle$Holder.invokeVirtual(java.lang.Object, java.lang.Object)'> (0x00000000a7e85bb0) 
thrown [s\src\hotspot\share\interpreter\linkResolver.cpp, line 759]
Event: 5.085 Thread 0x000002e2fd52e6f0 Exception <a 'sun/java2d/InvalidPipeException'{0x00000000a810d228}: GDIWindowSurfaceData: bounds changed> (0x00000000a810d228) 
thrown [s\src\hotspot\share\prims\jni.cpp, line 535]
Event: 468.124 Thread 0x000002e2fd52e6f0 Implicit null exception at 0x000002e2a8c0ae06 to 0x000002e2a8c0b15a
Event: 468.124 Thread 0x000002e2fd52e6f0 Implicit null exception at 0x000002e2a8c07a1d to 0x000002e2a8c08564
Event: 468.124 Thread 0x000002e2fd52e6f0 Implicit null exception at 0x000002e2a8c1d9e0 to 0x000002e2a8c1df48
Event: 468.124 Thread 0x000002e2fd52e6f0 Implicit null exception at 0x000002e2a8be468e to 0x000002e2a8be474c
Event: 468.125 Thread 0x000002e2fd52e6f0 Implicit null exception at 0x000002e2a8c1256a to 0x000002e2a8c15598
Event: 470.024 Thread 0x000002e2fd52dcd0 Implicit null exception at 0x000002e2a8c25179 to 0x000002e2a8c25bfc
Event: 471.795 Thread 0x000002e2fd52e6f0 Implicit null exception at 0x000002e2a8c9d265 to 0x000002e2a8c9e838
Event: 471.795 Thread 0x000002e2fd52e6f0 Implicit null exception at 0x000002e2a8ca7abf to 0x000002e2a8ca7c3c
Event: 488.801 Thread 0x000002e2fd52e6f0 Exception <a 'sun/java2d/InvalidPipeException'{0x00000000ad374ff8}: GDIWindowSurfaceData: bounds changed> (0x00000000ad374ff8) 
thrown [s\src\hotspot\share\prims\jni.cpp, line 535]
Event: 491.936 Thread 0x000002e2fd52e6f0 Exception <a 'sun/java2d/InvalidPipeException'{0x00000000ae3ccd10}: GDIWindowSurfaceData: bounds changed> (0x00000000ae3ccd10) 
thrown [s\src\hotspot\share\prims\jni.cpp, line 535]

VM Operations (20 events):
Event: 479.561 Executing VM operation: G1PauseCleanup
Event: 479.562 Executing VM operation: G1PauseCleanup done
Event: 480.562 Executing VM operation: Cleanup
Event: 480.562 Executing VM operation: Cleanup done
Event: 480.769 Executing VM operation: HandshakeAllThreads
Event: 480.773 Executing VM operation: HandshakeAllThreads done
Event: 484.776 Executing VM operation: Cleanup
Event: 487.053 Executing VM operation: Cleanup done
Event: 488.053 Executing VM operation: Cleanup
Event: 488.054 Executing VM operation: Cleanup done
Event: 489.054 Executing VM operation: Cleanup
Event: 490.768 Executing VM operation: Cleanup done
Event: 491.913 Executing VM operation: G1TryInitiateConcMark
Event: 491.915 Executing VM operation: G1TryInitiateConcMark done
Event: 491.919 Executing VM operation: G1PauseRemark
Event: 491.935 Executing VM operation: G1PauseRemark done
Event: 491.936 Executing VM operation: G1PauseCleanup
Event: 491.937 Executing VM operation: G1PauseCleanup done
Event: 492.937 Executing VM operation: Cleanup
Event: 492.937 Executing VM operation: Cleanup done

Events (20 events):
Event: 471.794 loading class sun/java2d/loops/DrawGlyphList$General done
Event: 471.794 loading class sun/java2d/loops/MaskFill$General
Event: 471.794 loading class sun/java2d/loops/MaskFill$General done
Event: 471.794 loading class sun/java2d/loops/OpaqueCopyAnyToArgb
Event: 471.794 loading class sun/java2d/loops/OpaqueCopyAnyToArgb done
Event: 471.794 loading class sun/java2d/loops/OpaqueCopyArgbToAny
Event: 471.795 loading class sun/java2d/loops/OpaqueCopyArgbToAny done
Event: 471.795 loading class sun/java2d/loops/DrawGlyphListAA$General
Event: 471.795 loading class sun/java2d/loops/DrawGlyphListAA$General done
Event: 471.795 loading class sun/java2d/pipe/RegionSpanIterator
Event: 471.796 loading class sun/java2d/pipe/SpanIterator
Event: 471.796 loading class sun/java2d/pipe/SpanIterator done
Event: 471.796 loading class sun/java2d/pipe/RegionSpanIterator done
Event: 472.887 loading class sun/awt/geom/Crossings
Event: 472.898 loading class sun/awt/geom/Crossings done
Event: 472.898 loading class sun/awt/geom/Crossings$EvenOdd
Event: 472.898 loading class sun/awt/geom/Crossings$EvenOdd done
Event: 472.921 Thread 0x000002e2b6bef280 Thread added: 0x000002e2b6bef280
Event: 476.937 Thread 0x000002e2b6bed930 Thread added: 0x000002e2b6bed930
Event: 479.558 Thread 0x000002e2b6bee860 Thread added: 0x000002e2b6bee860


Dynamic libraries:
0x00007ff631a60000 - 0x00007ff631a6e000 	C:\Program Files\Eclipse Adoptium\jdk-17.0.9.9-hotspot\bin\java.exe
0x00007ffdf7c70000 - 0x00007ffdf7e68000 	C:\Windows\SYSTEM32\ntdll.dll
0x00007ffdf6340000 - 0x00007ffdf63fd000 	C:\Windows\System32\KERNEL32.DLL
0x00007ffdf54a0000 - 0x00007ffdf5796000 	C:\Windows\System32\KERNELBASE.dll
0x00007ffdf53a0000 - 0x00007ffdf54a0000 	C:\Windows\System32\ucrtbase.dll
0x00007ffdf0c30000 - 0x00007ffdf0c4b000 	C:\Program Files\Eclipse Adoptium\jdk-17.0.9.9-hotspot\bin\VCRUNTIME140.dll
0x00007ffdef380000 - 0x00007ffdef397000 	C:\Program Files\Eclipse Adoptium\jdk-17.0.9.9-hotspot\bin\jli.dll
0x00007ffdf64e0000 - 0x00007ffdf667f000 	C:\Windows\System32\USER32.dll
0x00007ffdf5320000 - 0x00007ffdf5342000 	C:\Windows\System32\win32u.dll
0x00007ffde45c0000 - 0x00007ffde485a000 	C:\Windows\WinSxS\amd64_microsoft.windows.common-controls_6595b64144ccf1df_6.0.19041.4355_none_60b8b9eb71f62e16\COMCTL32.dll
0x00007ffdf6310000 - 0x00007ffdf633b000 	C:\Windows\System32\GDI32.dll
0x00007ffdf79d0000 - 0x00007ffdf7a6e000 	C:\Windows\System32\msvcrt.dll
0x00007ffdf5b80000 - 0x00007ffdf5c97000 	C:\Windows\System32\gdi32full.dll
0x00007ffdf5ae0000 - 0x00007ffdf5b7d000 	C:\Windows\System32\msvcp_win.dll
0x00007ffdf7400000 - 0x00007ffdf7432000 	C:\Windows\System32\IMM32.DLL
0x00007ffdf0d70000 - 0x00007ffdf0d7c000 	C:\Program Files\Eclipse Adoptium\jdk-17.0.9.9-hotspot\bin\vcruntime140_1.dll
0x00007ffdd8380000 - 0x00007ffdd840d000 	C:\Program Files\Eclipse Adoptium\jdk-17.0.9.9-hotspot\bin\msvcp140.dll
0x00007ffd98770000 - 0x00007ffd993d1000 	C:\Program Files\Eclipse Adoptium\jdk-17.0.9.9-hotspot\bin\server\jvm.dll
0x00007ffdf7ad0000 - 0x00007ffdf7b80000 	C:\Windows\System32\ADVAPI32.dll
0x00007ffdf6830000 - 0x00007ffdf68d0000 	C:\Windows\System32\sechost.dll
0x00007ffdf7040000 - 0x00007ffdf7163000 	C:\Windows\System32\RPCRT4.dll
0x00007ffdf57a0000 - 0x00007ffdf57c7000 	C:\Windows\System32\bcrypt.dll
0x00007ffdea0e0000 - 0x00007ffdea107000 	C:\Windows\SYSTEM32\WINMM.dll
0x00007ffdf0c20000 - 0x00007ffdf0c29000 	C:\Windows\SYSTEM32\WSOCK32.dll
0x00007ffdf4850000 - 0x00007ffdf489b000 	C:\Windows\SYSTEM32\POWRPROF.dll
0x00007ffdf6680000 - 0x00007ffdf66eb000 	C:\Windows\System32\WS2_32.dll
0x00007ffded600000 - 0x00007ffded60a000 	C:\Windows\SYSTEM32\VERSION.dll
0x00007ffdf4710000 - 0x00007ffdf4722000 	C:\Windows\SYSTEM32\UMPDC.dll
0x00007ffdf3b30000 - 0x00007ffdf3b42000 	C:\Windows\SYSTEM32\kernel.appcore.dll
0x00007ffdeffd0000 - 0x00007ffdeffda000 	C:\Program Files\Eclipse Adoptium\jdk-17.0.9.9-hotspot\bin\jimage.dll
0x00007ffdf2e90000 - 0x00007ffdf3074000 	C:\Windows\SYSTEM32\DBGHELP.DLL
0x00007ffde1840000 - 0x00007ffde1874000 	C:\Windows\SYSTEM32\dbgcore.DLL
0x00007ffdf57d0000 - 0x00007ffdf5852000 	C:\Windows\System32\bcryptPrimitives.dll
0x00007ffdedaa0000 - 0x00007ffdedaae000 	C:\Program Files\Eclipse Adoptium\jdk-17.0.9.9-hotspot\bin\instrument.dll
0x00007ffde5290000 - 0x00007ffde52b5000 	C:\Program Files\Eclipse Adoptium\jdk-17.0.9.9-hotspot\bin\java.dll
0x00007ffdc2b80000 - 0x00007ffdc2c57000 	C:\Program Files\Eclipse Adoptium\jdk-17.0.9.9-hotspot\bin\jsvml.dll
0x00007ffdf68d0000 - 0x00007ffdf703b000 	C:\Windows\System32\SHELL32.dll
0x00007ffdf3380000 - 0x00007ffdf3b1d000 	C:\Windows\SYSTEM32\windows.storage.dll
0x00007ffdf74c0000 - 0x00007ffdf7813000 	C:\Windows\System32\combase.dll
0x00007ffdf4d40000 - 0x00007ffdf4d6e000 	C:\Windows\SYSTEM32\Wldp.dll
0x00007ffdf71a0000 - 0x00007ffdf726d000 	C:\Windows\System32\OLEAUT32.dll
0x00007ffdf7b80000 - 0x00007ffdf7c2d000 	C:\Windows\System32\SHCORE.dll
0x00007ffdf7270000 - 0x00007ffdf72c5000 	C:\Windows\System32\shlwapi.dll
0x00007ffdf5250000 - 0x00007ffdf5274000 	C:\Windows\SYSTEM32\profapi.dll
0x00007ffded350000 - 0x00007ffded368000 	C:\Program Files\Eclipse Adoptium\jdk-17.0.9.9-hotspot\bin\zip.dll
0x00007ffdeda20000 - 0x00007ffdeda39000 	C:\Program Files\Eclipse Adoptium\jdk-17.0.9.9-hotspot\bin\net.dll
0x00007ffdeca70000 - 0x00007ffdecb7a000 	C:\Windows\SYSTEM32\WINHTTP.dll
0x00007ffdf4aa0000 - 0x00007ffdf4b0a000 	C:\Windows\system32\mswsock.dll
0x00007ffded9a0000 - 0x00007ffded9b6000 	C:\Program Files\Eclipse Adoptium\jdk-17.0.9.9-hotspot\bin\nio.dll
0x00007ffded180000 - 0x00007ffded19a000 	C:\Program Files\JetBrains\IntelliJ IDEA Community Edition 2023.2.5\bin\breakgen64.dll
0x00007ffdbf5a0000 - 0x00007ffdbf730000 	C:\Program Files\Eclipse Adoptium\jdk-17.0.9.9-hotspot\bin\awt.dll
0x00007ffdf26b0000 - 0x00007ffdf2740000 	C:\Windows\SYSTEM32\apphelp.dll
0x00007ffdf2a70000 - 0x00007ffdf2a9f000 	C:\Windows\system32\DWMAPI.DLL
0x00007ffdf27f0000 - 0x00007ffdf288e000 	C:\Windows\system32\uxtheme.dll
0x00007ffdaf330000 - 0x00007ffdaf455000 	C:\Windows\system32\opengl32.dll
0x00007ffdb93d0000 - 0x00007ffdb93fc000 	C:\Windows\SYSTEM32\GLU32.dll
0x00007ffdf5d80000 - 0x00007ffdf5e94000 	C:\Windows\System32\MSCTF.dll
0x00007ffdf72d0000 - 0x00007ffdf73fb000 	C:\Windows\System32\ole32.dll
0x00007ffdb6b60000 - 0x00007ffdb6d2e000 	C:\Windows\system32\d3d9.dll
0x00007ffdf4ed0000 - 0x00007ffdf4ee2000 	C:\Windows\SYSTEM32\msasn1.dll
0x00007ffdec800000 - 0x00007ffdec831000 	C:\Windows\SYSTEM32\cryptnet.dll
0x00007ffdf5860000 - 0x00007ffdf59be000 	C:\Windows\System32\CRYPT32.dll
0x00007ffdf4c90000 - 0x00007ffdf4c9c000 	C:\Windows\SYSTEM32\cryptbase.dll
0x00007ffdf59c0000 - 0x00007ffdf5a27000 	C:\Windows\System32\WINTRUST.DLL
0x00007ffdf7170000 - 0x00007ffdf718d000 	C:\Windows\System32\imagehlp.dll
0x00007ffdf4ca0000 - 0x00007ffdf4cb8000 	C:\Windows\SYSTEM32\CRYPTSP.dll
0x00007ffdf4350000 - 0x00007ffdf4384000 	C:\Windows\system32\rsaenh.dll
0x00007ffdc95f0000 - 0x00007ffdc96ad000 	C:\Windows\System32\DriverStore\FileRepository\nvlt.inf_amd64_4184fe041d83f87f\nvldumdx.dll
0x00007ffdec6b0000 - 0x00007ffdec7f7000 	C:\Windows\SYSTEM32\drvstore.dll
0x00007ffdf50c0000 - 0x00007ffdf50f3000 	C:\Windows\SYSTEM32\devobj.dll
0x00007ffdf5350000 - 0x00007ffdf539e000 	C:\Windows\System32\cfgmgr32.dll
0x00007ffd7d420000 - 0x00007ffd80314000 	C:\Windows\System32\DriverStore\FileRepository\nvlt.inf_amd64_4184fe041d83f87f\nvd3dumx.dll
0x00007ffda19d0000 - 0x00007ffda1c9e000 	C:\Windows\system32\nvspcap64.dll
0x00007ffdf4470000 - 0x00007ffdf44a3000 	C:\Windows\SYSTEM32\ntmarta.dll
0x00007ffdf3b50000 - 0x00007ffdf3b73000 	C:\Windows\SYSTEM32\gpapi.dll
0x00007ffdeacb0000 - 0x00007ffdeaceb000 	C:\Windows\SYSTEM32\dxcore.dll
0x00007ffdf5200000 - 0x00007ffdf522e000 	C:\Windows\SYSTEM32\USERENV.dll
0x00007ffdf4730000 - 0x00007ffdf476b000 	C:\Windows\SYSTEM32\IPHLPAPI.DLL
0x00007ffdf6470000 - 0x00007ffdf6478000 	C:\Windows\System32\NSI.dll
0x00007ffdee3c0000 - 0x00007ffdee3d7000 	C:\Windows\SYSTEM32\dhcpcsvc6.DLL
0x00007ffdee1a0000 - 0x00007ffdee1bd000 	C:\Windows\SYSTEM32\dhcpcsvc.DLL
0x00007ffdf4780000 - 0x00007ffdf484b000 	C:\Windows\SYSTEM32\DNSAPI.dll
0x00007ffdc0f90000 - 0x00007ffdc1018000 	C:\Program Files\Eclipse Adoptium\jdk-17.0.9.9-hotspot\bin\freetype.dll
0x00007ffdb88c0000 - 0x00007ffdb8993000 	C:\Program Files\Eclipse Adoptium\jdk-17.0.9.9-hotspot\bin\fontmanager.dll
0x00007ffdd8630000 - 0x00007ffdd8670000 	C:\Program Files\Eclipse Adoptium\jdk-17.0.9.9-hotspot\bin\lcms.dll
0x00007ffdd3c40000 - 0x00007ffdd3d39000 	C:\Windows\SYSTEM32\textinputframework.dll
0x00007ffdf2480000 - 0x00007ffdf2572000 	C:\Windows\System32\CoreMessaging.dll
0x00007ffdf1da0000 - 0x00007ffdf20fb000 	C:\Windows\System32\CoreUIComponents.dll
0x00007ffdf0dc0000 - 0x00007ffdf0f17000 	C:\Windows\SYSTEM32\wintypes.dll
0x00007ffdddc90000 - 0x00007ffdddca2000 	C:\Program Files\Eclipse Adoptium\jdk-17.0.9.9-hotspot\bin\jsound.dll
0x00007ffdb9310000 - 0x00007ffdb93ac000 	C:\Windows\SYSTEM32\DSOUND.dll
0x00007ffde1810000 - 0x00007ffde1836000 	C:\Windows\SYSTEM32\winmmbase.dll
0x00007ffdf6780000 - 0x00007ffdf6829000 	C:\Windows\System32\clbcatq.dll
0x00007ffdeddb0000 - 0x00007ffdede35000 	C:\Windows\System32\MMDevApi.dll
0x00007ffdcbef0000 - 0x00007ffdcbf36000 	C:\Windows\SYSTEM32\wdmaud.drv
0x00007ffdee790000 - 0x00007ffdee79a000 	C:\Windows\SYSTEM32\AVRT.dll
0x00007ffdeec80000 - 0x00007ffdeec89000 	C:\Windows\SYSTEM32\ksuser.dll
0x00007ffdedf80000 - 0x00007ffdee101000 	C:\Windows\SYSTEM32\AUDIOSES.DLL
0x00007ffdcbee0000 - 0x00007ffdcbeed000 	C:\Windows\SYSTEM32\msacm32.drv
0x00007ffdcbec0000 - 0x00007ffdcbede000 	C:\Windows\SYSTEM32\MSACM32.dll
0x00007ffdcbeb0000 - 0x00007ffdcbebb000 	C:\Windows\SYSTEM32\midimap.dll
0x00007ffdf2970000 - 0x00007ffdf2984000 	C:\Windows\SYSTEM32\resourcepolicyclient.dll
0x00007ffdea110000 - 0x00007ffdea2eb000 	C:\Windows\System32\DriverStore\FileRepository\u0365645.inf_amd64_6ea274c917f5f2dc\B365437\aticfx64.dll
0x00007ffde31b0000 - 0x00007ffde31e3000 	C:\Windows\System32\DriverStore\FileRepository\u0365645.inf_amd64_6ea274c917f5f2dc\B365437\atiu9p64.dll
0x00007ffd923c0000 - 0x00007ffd930cc000 	C:\Windows\System32\DriverStore\FileRepository\u0365645.inf_amd64_6ea274c917f5f2dc\B365437\atiumd64.dll
0x0000000056940000 - 0x0000000057800000 	C:\Windows\System32\DriverStore\FileRepository\u0365645.inf_amd64_6ea274c917f5f2dc\B365437\atiumd6a.dll
0x00007ffde7100000 - 0x00007ffde712f000 	C:\Windows\SYSTEM32\amdihk64.dll
0x00007ffdf1bb0000 - 0x00007ffdf1d95000 	C:\Windows\SYSTEM32\dcomp.dll
0x00007ffdd39b0000 - 0x00007ffdd3aef000 	C:\Windows\System32\Windows.UI.dll
0x00007ffdd3780000 - 0x00007ffdd38d2000 	C:\Windows\System32\InputHost.dll
0x00007ffdeded0000 - 0x00007ffdedf71000 	C:\Windows\System32\WindowManagementAPI.dll
0x00007ffdf0750000 - 0x00007ffdf0846000 	C:\Windows\System32\PROPSYS.dll
0x00007ffdedba0000 - 0x00007ffdedda3000 	C:\Windows\SYSTEM32\twinapi.appcore.dll
0x00007ffdd38e0000 - 0x00007ffdd398c000 	C:\Windows\SYSTEM32\TextShaping.dll

dbghelp: loaded successfully - version: 4.0.5 - missing functions: none
symbol engine: initialized successfully - sym options: 0x614 - pdb path: .;C:\Program Files\Eclipse Adoptium\jdk-17.0.9.9-hotspot\bin;C:\Windows\SYSTEM32;C:\Windows\WinSxS\amd64_microsoft.windows.common-controls_6595b64144ccf1df_6.0.19041.4355_none_60b8b9eb71f62e16;C:\Program Files\Eclipse Adoptium\jdk-17.0.9.9-hotspot\bin\server;C:\Program Files\JetBrains\IntelliJ IDEA Community Edition 2023.2.5\bin;C:\Windows\System32\DriverStore\FileRepository\nvlt.inf_amd64_4184fe041d83f87f;C:\Windows\System32\DriverStore\FileRepository\u0365645.inf_amd64_6ea274c917f5f2dc\B365437

VM Arguments:
jvm_args: -javaagent:C:\Program Files\JetBrains\IntelliJ IDEA Community Edition 2023.2.5\lib\idea_rt.jar=59923:C:\Program Files\JetBrains\IntelliJ IDEA Community Edition 2023.2.5\bin -Dfile.encoding=UTF-8 
java_command: main.Main
java_class_path (initial): C:\JDev\OutpostBuilder\out\production\OutpostBuilder
Launcher Type: SUN_STANDARD

[Global flags]
     intx CICompilerCount                          = 4                                         {product} {ergonomic}
     uint ConcGCThreads                            = 3                                         {product} {ergonomic}
     uint G1ConcRefinementThreads                  = 10                                        {product} {ergonomic}
   size_t G1HeapRegionSize                         = 1048576                                   {product} {ergonomic}
    uintx GCDrainStackTargetSize                   = 64                                        {product} {ergonomic}
   size_t InitialHeapSize                          = 98566144                                  {product} {ergonomic}
   size_t MarkStackSize                            = 4194304                                   {product} {ergonomic}
   size_t MaxHeapSize                              = 1572864000                                {product} {ergonomic}
   size_t MaxNewSize                               = 943718400                                 {product} {ergonomic}
   size_t MinHeapDeltaBytes                        = 1048576                                   {product} {ergonomic}
   size_t MinHeapSize                              = 8388608                                   {product} {ergonomic}
    uintx NonNMethodCodeHeapSize                   = 5839372                                {pd product} {ergonomic}
    uintx NonProfiledCodeHeapSize                  = 122909434                              {pd product} {ergonomic}
    uintx ProfiledCodeHeapSize                     = 122909434                              {pd product} {ergonomic}
    uintx ReservedCodeCacheSize                    = 251658240                              {pd product} {ergonomic}
     bool SegmentedCodeCache                       = true                                      {product} {ergonomic}
   size_t SoftMaxHeapSize                          = 1572864000                             {manageable} {ergonomic}
     bool UseCompressedClassPointers               = true                           {product lp64_product} {ergonomic}
     bool UseCompressedOops                        = true                           {product lp64_product} {ergonomic}
     bool UseG1GC                                  = true                                      {product} {ergonomic}
     bool UseLargePagesIndividualAllocation        = false                                  {pd product} {ergonomic}

Logging:
Log output configuration:
 #0: stdout all=warning uptime,level,tags
 #1: stderr all=off uptime,level,tags

Environment Variables:
JAVA_HOME=C:\Program Files\Eclipse Adoptium\jdk-17.0.9.9-hotspot\
PATH=C:\Program Files (x86)\Common Files\Oracle\Java\javapath;C:\Program Files\Eclipse Adoptium\jdk-17.0.9.9-hotspot\bin;C:\Windows\system32;C:\Windows;C:\Windows\System32\Wbem;C:\Windows\System32\WindowsPowerShell\v1.0\;C:\Windows\System32\OpenSSH\;C:\Program Files (x86)\NVIDIA Corporation\PhysX\Common;C:\Program Files\NVIDIA Corporation\NVIDIA NvDLISR;C:\Program Files\Git\cmd;C:\Users\nedst\AppData\Local\Microsoft\WindowsApps;C:\Users\nedst\AppData\Local\Programs\Microsoft VS Code\bin;C:\Users\nedst\AppData\Local\GitHubDesktop\bin
USERNAME=nedst
OS=Windows_NT
PROCESSOR_IDENTIFIER=AMD64 Family 25 Model 80 Stepping 0, AuthenticAMD
TMP=C:\Users\nedst\AppData\Local\Temp
TEMP=C:\Users\nedst\AppData\Local\Temp



Periodic native trim disabled


---------------  S Y S T E M  ---------------

OS:
 Windows 10 , 64 bit Build 19041 (10.0.19041.3636)
OS uptime: 13 days 18:35 hours

CPU: total 12 (initial active 12) (12 cores per cpu, 2 threads per core) family 25 model 80 stepping 0 microcode 0x0, cx8, cmov, fxsr, ht, mmx, 3dnowpref, sse, sse2, sse3, ssse3, sse4a, sse4.1, sse4.2, popcnt, lzcnt, tsc, tscinvbit, avx, avx2, aes, erms, clmul, bmi1, bmi2, adx, sha, fma, vzeroupper, clflush, clflushopt
Processor Information for all 12 processors :
  Max Mhz: 3301, Current Mhz: 3301, Mhz Limit: 3301

Memory: 4k page, system-wide physical 5996M (123M free)
TotalPageFile size 24428M (AvailPageFile size 5M)
current process WorkingSet (physical memory assigned to process): 204M, peak: 286M
current process commit charge ("private bytes"): 469M, peak: 517M

vm_info: OpenJDK 64-Bit Server VM (17.0.9+9) for windows-amd64 JRE (17.0.9+9), built on Oct 26 2023 14:01:42 by "admin" with MS VC++ 16.10 / 16.11 (VS2019)

END.
